<?xml version="1.0" encoding="UTF-8"?>
<!-- Generated by org.testng.reporters.JUnitXMLReporter -->
<testsuite hostname="DESKTOP-UJIO8EO" ignored="0" name="TestCase" tests="2" failures="1" timestamp="23 四月 2017 03:43:11 GMT" time="79.567" errors="0">
  <testcase name="run" time="45.2" classname="com.xiaoM.BeginScript.BeginScript"/>
  <testcase name="run" time="34.294" classname="com.xiaoM.BeginScript.BeginScript">
    <failure type="org.openqa.selenium.TimeoutException" message="Expected condition failed: waiting for com.xiaoM.appium.utils.AppiumElementAction$1@47edc03b (tried for 5 second(s) with 500 MILLISECONDS interval)">
      <![CDATA[org.openqa.selenium.TimeoutException: Expected condition failed: waiting for com.xiaoM.appium.utils.AppiumElementAction$1@47edc03b (tried for 5 second(s) with 500 MILLISECONDS interval)
	at org.openqa.selenium.support.ui.WebDriverWait.timeoutException(WebDriverWait.java:80)
	at org.openqa.selenium.support.ui.FluentWait.until(FluentWait.java:232)
	at com.xiaoM.appium.utils.AppiumElementAction.waitForElement(AppiumElementAction.java:120)
	at com.xiaoM.appium.utils.AppiumElementAction.elementOperation(AppiumElementAction.java:250)
	at com.xiaoM.appium.utils.AppiumElementAction.executeAppiumAction(AppiumElementAction.java:471)
	at com.xiaoM.Common.Utils.Run.testCase(Run.java:54)
	at com.xiaoM.BeginScript.BeginScript.run(BeginScript.java:25)
	at java.util.concurrent.ThreadPoolExecutor.runWorker(Unknown Source)
	at java.util.concurrent.ThreadPoolExecutor$Worker.run(Unknown Source)
	at java.lang.Thread.run(Unknown Source)
Caused by: org.openqa.selenium.NoSuchElementException: An element could not be located on the page using the given search parameters. (WARNING: The server did not provide any stacktrace information)
Command duration or timeout: 114 milliseconds
For documentation on this error, please visit: http://seleniumhq.org/exceptions/no_such_element.html
Build info: version: '3.3.1', revision: '5234b325d5', time: '2017-03-10 09:10:29 +0000'
System info: host: 'DESKTOP-UJIO8EO', ip: '192.168.139.1', os.name: 'Windows 10', os.arch: 'amd64', os.version: '10.0', java.version: '1.8.0_91'
Driver info: io.appium.java_client.AppiumDriver
Capabilities [{app=D:\work\workspace\AppiumXM\apps\webview.apk, appPackage=com.testerhome.webview, deviceScreenSize=540x960, networkConnectionEnabled=true, noSign=true, warnings={}, databaseEnabled=false, deviceName=209e61b5, platform=LINUX, deviceUDID=209e61b5, appActivity=com.testerhome.webview.MainActivity, desired={app=D:\work\workspace\AppiumXM\apps\webview.apk, appPackage=com.testerhome.webview, appActivity=com.testerhome.webview.MainActivity, noSign=true, platformVersion=4.4.2, automationName=Appium, unicodeKeyboard=true, platformName=Android, udid=209e61b5, deviceName=209e61b5, resetKeyboard=true}, platformVersion=4.4.2, webStorageEnabled=false, locationContextEnabled=false, automationName=Appium, takesScreenshot=true, javascriptEnabled=true, deviceModel=GT-I9192, unicodeKeyboard=true, platformName=Android, udid=209e61b5, deviceManufacturer=samsung, resetKeyboard=true}]
Session ID: ecde0409-f298-4822-9571-b3b91f857e51
*** Element info: {Using=id, value=com.testerhome.webview:id/next_page}
	at org.openqa.selenium.remote.ErrorHandler.createThrowable(ErrorHandler.java:216)
	at org.openqa.selenium.remote.ErrorHandler.throwIfResponseFailed(ErrorHandler.java:168)
	at org.openqa.selenium.remote.RemoteWebDriver.execute(RemoteWebDriver.java:638)
	at io.appium.java_client.DefaultGenericMobileDriver.execute(DefaultGenericMobileDriver.java:42)
	at io.appium.java_client.AppiumDriver.execute(AppiumDriver.java:1)
	at org.openqa.selenium.remote.RemoteWebDriver.findElement(RemoteWebDriver.java:371)
	at io.appium.java_client.DefaultGenericMobileDriver.findElement(DefaultGenericMobileDriver.java:62)
	at io.appium.java_client.AppiumDriver.findElement(AppiumDriver.java:1)
	at org.openqa.selenium.remote.RemoteWebDriver.findElementById(RemoteWebDriver.java:420)
	at io.appium.java_client.DefaultGenericMobileDriver.findElementById(DefaultGenericMobileDriver.java:70)
	at io.appium.java_client.AppiumDriver.findElementById(AppiumDriver.java:1)
	at org.openqa.selenium.By$ById.findElement(By.java:218)
	at org.openqa.selenium.remote.RemoteWebDriver.findElement(RemoteWebDriver.java:363)
	at io.appium.java_client.DefaultGenericMobileDriver.findElement(DefaultGenericMobileDriver.java:58)
	at io.appium.java_client.AppiumDriver.findElement(AppiumDriver.java:1)
	at com.xiaoM.appium.utils.AppiumElementAction.getElement(AppiumElementAction.java:40)
	at com.xiaoM.appium.utils.AppiumElementAction$1.apply(AppiumElementAction.java:124)
	at com.xiaoM.appium.utils.AppiumElementAction$1.apply(AppiumElementAction.java:1)
	at org.openqa.selenium.support.ui.FluentWait.until(FluentWait.java:209)
	... 18 more
... Removed 14 stack frames]]>
    </failure>
  </testcase> <!-- run -->
</testsuite> <!-- TestCase -->
